  12 - Total Balances.cpp
D:\source\11 - OOP as it Should Be (Applications)\12 - Total Balances\12 - Total Balances\clsString.h(134,1): warning C4267: 'return': conversion from 'size_t' to 'short', possible loss of data
D:\source\11 - OOP as it Should Be (Applications)\12 - Total Balances\12 - Total Balances\clsString.h(240,1): warning C4267: '=': conversion from 'size_t' to 'short', possible loss of data
D:\source\11 - OOP as it Should Be (Applications)\12 - Total Balances\12 - Total Balances\clsString.h(263,1): warning C4267: '=': conversion from 'size_t' to 'short', possible loss of data
D:\source\11 - OOP as it Should Be (Applications)\12 - Total Balances\12 - Total Balances\clsString.h(345,1): warning C4267: 'initializing': conversion from 'size_t' to 'int', possible loss of data
D:\source\11 - OOP as it Should Be (Applications)\12 - Total Balances\12 - Total Balances\clsString.h(394,1): warning C4267: '=': conversion from 'size_t' to 'short', possible loss of data
D:\source\11 - OOP as it Should Be (Applications)\12 - Total Balances\12 - Total Balances\clsString.h(408,1): warning C4267: '=': conversion from 'size_t' to 'short', possible loss of data
D:\source\11 - OOP as it Should Be (Applications)\12 - Total Balances\12 - Total Balances\clsUtility.h(253,6): warning C4091: 'static ': ignored on left of 'clsUtility::stPiggyBankContent' when no variable is declared
D:\source\11 - OOP as it Should Be (Applications)\12 - Total Balances\12 - Total Balances\clsUtility.h(287,6): warning C4091: 'static ': ignored on left of 'clsUtility::SimpleCalculator' when no variable is declared
D:\source\11 - OOP as it Should Be (Applications)\12 - Total Balances\12 - Total Balances\clsUtility.h(430,6): warning C4091: 'static ': ignored on left of 'clsUtility::strTaskDuration' when no variable is declared
D:\source\11 - OOP as it Should Be (Applications)\12 - Total Balances\12 - Total Balances\clsUtility.h(68,43): warning C4244: 'argument': conversion from 'int' to 'float', possible loss of data
D:\source\11 - OOP as it Should Be (Applications)\12 - Total Balances\12 - Total Balances\clsUtility.h(68,37): warning C4244: 'argument': conversion from 'int' to 'float', possible loss of data
D:\source\11 - OOP as it Should Be (Applications)\12 - Total Balances\12 - Total Balances\clsUtility.h(68,31): warning C4244: 'argument': conversion from 'int' to 'float', possible loss of data
D:\source\11 - OOP as it Should Be (Applications)\12 - Total Balances\12 - Total Balances\clsUtility.h(113,21): warning C4244: 'return': conversion from 'double' to 'float', possible loss of data
D:\source\11 - OOP as it Should Be (Applications)\12 - Total Balances\12 - Total Balances\clsUtility.h(123,21): warning C4244: 'return': conversion from 'double' to 'float', possible loss of data
D:\source\11 - OOP as it Should Be (Applications)\12 - Total Balances\12 - Total Balances\clsUtility.h(128,42): warning C4244: 'return': conversion from 'double' to 'float', possible loss of data
D:\source\11 - OOP as it Should Be (Applications)\12 - Total Balances\12 - Total Balances\clsUtility.h(133,39): warning C4244: 'return': conversion from 'double' to 'float', possible loss of data
D:\source\11 - OOP as it Should Be (Applications)\12 - Total Balances\12 - Total Balances\clsUtility.h(138,43): warning C4244: 'return': conversion from 'double' to 'float', possible loss of data
D:\source\11 - OOP as it Should Be (Applications)\12 - Total Balances\12 - Total Balances\clsUtility.h(144,22): warning C4244: 'return': conversion from 'double' to 'float', possible loss of data
D:\source\11 - OOP as it Should Be (Applications)\12 - Total Balances\12 - Total Balances\clsUtility.h(230,1): warning C4305: 'return': truncation from 'double' to 'float'
D:\source\11 - OOP as it Should Be (Applications)\12 - Total Balances\12 - Total Balances\clsUtility.h(233,1): warning C4305: 'return': truncation from 'double' to 'float'
D:\source\11 - OOP as it Should Be (Applications)\12 - Total Balances\12 - Total Balances\clsUtility.h(236,1): warning C4305: 'return': truncation from 'double' to 'float'
D:\source\11 - OOP as it Should Be (Applications)\12 - Total Balances\12 - Total Balances\clsUtility.h(239,1): warning C4305: 'return': truncation from 'double' to 'float'
D:\source\11 - OOP as it Should Be (Applications)\12 - Total Balances\12 - Total Balances\clsUtility.h(373,21): warning C4244: 'return': conversion from 'int' to 'float', possible loss of data
D:\source\11 - OOP as it Should Be (Applications)\12 - Total Balances\12 - Total Balances\clsUtility.h(378,82): warning C4244: 'argument': conversion from 'float' to 'int', possible loss of data
D:\source\11 - OOP as it Should Be (Applications)\12 - Total Balances\12 - Total Balances\clsUtility.h(378,41): warning C4244: 'argument': conversion from 'float' to 'int', possible loss of data
D:\source\11 - OOP as it Should Be (Applications)\12 - Total Balances\12 - Total Balances\clsUtility.h(387,34): warning C4244: 'return': conversion from 'double' to 'float', possible loss of data
D:\source\11 - OOP as it Should Be (Applications)\12 - Total Balances\12 - Total Balances\clsUtility.h(435,31): warning C4244: '=': conversion from 'float' to 'int', possible loss of data
D:\source\11 - OOP as it Should Be (Applications)\12 - Total Balances\12 - Total Balances\clsUtility.h(436,32): warning C4244: '=': conversion from 'float' to 'int', possible loss of data
D:\source\11 - OOP as it Should Be (Applications)\12 - Total Balances\12 - Total Balances\clsUtility.h(437,33): warning C4244: '=': conversion from 'float' to 'int', possible loss of data
D:\source\11 - OOP as it Should Be (Applications)\12 - Total Balances\12 - Total Balances\clsUtility.h(438,34): warning C4244: '=': conversion from 'float' to 'int', possible loss of data
D:\source\11 - OOP as it Should Be (Applications)\12 - Total Balances\12 - Total Balances\clsUtility.h(454,34): warning C4244: '=': conversion from 'double' to 'int', possible loss of data
D:\source\11 - OOP as it Should Be (Applications)\12 - Total Balances\12 - Total Balances\clsUtility.h(456,35): warning C4244: '=': conversion from 'double' to 'int', possible loss of data
D:\source\11 - OOP as it Should Be (Applications)\12 - Total Balances\12 - Total Balances\clsUtility.h(458,36): warning C4244: '=': conversion from 'double' to 'int', possible loss of data
D:\source\11 - OOP as it Should Be (Applications)\12 - Total Balances\12 - Total Balances\clsUtility.h(1067,21): warning C4244: 'initializing': conversion from 'float' to 'int', possible loss of data
D:\source\11 - OOP as it Should Be (Applications)\12 - Total Balances\12 - Total Balances\clsUtility.h(1076,21): warning C4244: 'initializing': conversion from 'float' to 'int', possible loss of data
D:\source\11 - OOP as it Should Be (Applications)\12 - Total Balances\12 - Total Balances\clsUtility.h(1092,20): warning C4244: 'return': conversion from 'float' to 'int', possible loss of data
D:\source\11 - OOP as it Should Be (Applications)\12 - Total Balances\12 - Total Balances\clsUtility.h(1096,25): warning C4244: 'initializing': conversion from 'float' to 'int', possible loss of data
D:\source\11 - OOP as it Should Be (Applications)\12 - Total Balances\12 - Total Balances\clsUtility.h(1099,31): warning C4244: 'return': conversion from 'float' to 'int', possible loss of data
D:\source\11 - OOP as it Should Be (Applications)\12 - Total Balances\12 - Total Balances\clsUtility.h(1101,24): warning C4244: 'return': conversion from 'float' to 'int', possible loss of data
D:\source\11 - OOP as it Should Be (Applications)\12 - Total Balances\12 - Total Balances\clsUtility.h(1107,21): warning C4244: 'initializing': conversion from 'float' to 'int', possible loss of data
D:\source\11 - OOP as it Should Be (Applications)\12 - Total Balances\12 - Total Balances\clsUtility.h(1111,20): warning C4244: 'return': conversion from 'float' to 'int', possible loss of data
D:\source\11 - OOP as it Should Be (Applications)\12 - Total Balances\12 - Total Balances\clsUtility.h(1116,24): warning C4244: 'return': conversion from 'float' to 'int', possible loss of data
D:\source\11 - OOP as it Should Be (Applications)\12 - Total Balances\12 - Total Balances\clsUtility.h(1118,24): warning C4244: 'return': conversion from 'float' to 'int', possible loss of data
D:\source\11 - OOP as it Should Be (Applications)\12 - Total Balances\12 - Total Balances\clsUtility.h(1125,1): warning C4305: '+=': truncation from 'double' to 'float'
D:\source\11 - OOP as it Should Be (Applications)\12 - Total Balances\12 - Total Balances\clsUtility.h(1300,28): warning C4244: 'initializing': conversion from 'float' to 'short', possible loss of data
D:\source\11 - OOP as it Should Be (Applications)\12 - Total Balances\12 - Total Balances\12 - Total Balances.cpp(42,57): warning C4244: 'argument': conversion from 'double' to 'int', possible loss of data
  12 - Total Balances.vcxproj -> D:\source\11 - OOP as it Should Be (Applications)\12 - Total Balances\x64\Debug\12 - Total Balances.exe
